<?xml version="1.0" encoding="UTF-8"?>
<testng-results skipped="0" failed="1" ignored="0" total="7" passed="6">
  <reporter-output>
  </reporter-output>
  <suite name="FREE CRM Application Test Automation Test Suite" duration-ms="167010" started-at="2019-07-20T10:36:41Z" finished-at="2019-07-20T10:39:28Z">
    <groups>
    </groups>
    <test name="Free CRM App Chrome Test Cases" duration-ms="167010" started-at="2019-07-20T10:36:41Z" finished-at="2019-07-20T10:39:28Z">
      <class name="com.crm.qa.TestCases.HomePageTest">
        <test-method status="PASS" signature="setUp()[pri:0, instance:com.crm.qa.TestCases.HomePageTest@6d7b4f4c]" name="setUp" is-config="true" duration-ms="11826" started-at="2019-07-20T16:07:00Z" finished-at="2019-07-20T16:07:11Z">
          <reporter-output>
          </reporter-output>
        </test-method> <!-- setUp -->
        <test-method status="FAIL" signature="verifyHomePageTitleTest()[pri:1, instance:com.crm.qa.TestCases.HomePageTest@6d7b4f4c]" name="verifyHomePageTitleTest" duration-ms="16" started-at="2019-07-20T16:07:11Z" finished-at="2019-07-20T16:07:12Z">
          <exception class="java.lang.AssertionError">
            <message>
              <![CDATA[Home Page Title is not Matched expected [CRMPRO] but found [CRMPRO - CRM software for customer relationship management, sales, and support.]]]>
            </message>
            <full-stacktrace>
              <![CDATA[java.lang.AssertionError: Home Page Title is not Matched expected [CRMPRO] but found [CRMPRO - CRM software for customer relationship management, sales, and support.]
	at org.testng.Assert.fail(Assert.java:93)
	at org.testng.Assert.failNotEquals(Assert.java:512)
	at org.testng.Assert.assertEqualsImpl(Assert.java:134)
	at org.testng.Assert.assertEquals(Assert.java:115)
	at org.testng.Assert.assertEquals(Assert.java:189)
	at com.crm.qa.TestCases.HomePageTest.verifyHomePageTitleTest(HomePageTest.java:51)
	at sun.reflect.NativeMethodAccessorImpl.invoke0(Native Method)
	at sun.reflect.NativeMethodAccessorImpl.invoke(NativeMethodAccessorImpl.java:62)
	at sun.reflect.DelegatingMethodAccessorImpl.invoke(DelegatingMethodAccessorImpl.java:43)
	at java.lang.reflect.Method.invoke(Method.java:498)
	at org.testng.internal.MethodInvocationHelper.invokeMethod(MethodInvocationHelper.java:108)
	at org.testng.internal.Invoker.invokeMethod(Invoker.java:661)
	at org.testng.internal.Invoker.invokeTestMethod(Invoker.java:869)
	at org.testng.internal.Invoker.invokeTestMethods(Invoker.java:1193)
	at org.testng.internal.TestMethodWorker.invokeTestMethods(TestMethodWorker.java:126)
	at org.testng.internal.TestMethodWorker.run(TestMethodWorker.java:109)
	at org.testng.TestRunner.privateRun(TestRunner.java:744)
	at org.testng.TestRunner.run(TestRunner.java:602)
	at org.testng.SuiteRunner.runTest(SuiteRunner.java:380)
	at org.testng.SuiteRunner.runSequentially(SuiteRunner.java:375)
	at org.testng.SuiteRunner.privateRun(SuiteRunner.java:340)
	at org.testng.SuiteRunner.run(SuiteRunner.java:289)
	at org.testng.SuiteRunnerWorker.runSuite(SuiteRunnerWorker.java:52)
	at org.testng.SuiteRunnerWorker.run(SuiteRunnerWorker.java:86)
	at org.testng.TestNG.runSuitesSequentially(TestNG.java:1301)
	at org.testng.TestNG.runSuitesLocally(TestNG.java:1226)
	at org.testng.TestNG.runSuites(TestNG.java:1144)
	at org.testng.TestNG.run(TestNG.java:1115)
	at org.testng.remote.AbstractRemoteTestNG.run(AbstractRemoteTestNG.java:126)
	at org.testng.remote.RemoteTestNG.initAndRun(RemoteTestNG.java:137)
	at org.testng.remote.RemoteTestNG.main(RemoteTestNG.java:58)
]]>
            </full-stacktrace>
          </exception> <!-- java.lang.AssertionError -->
          <reporter-output>
          </reporter-output>
        </test-method> <!-- verifyHomePageTitleTest -->
        <test-method status="PASS" signature="tearDown()[pri:0, instance:com.crm.qa.TestCases.HomePageTest@6d7b4f4c]" name="tearDown" is-config="true" duration-ms="4026" started-at="2019-07-20T16:07:12Z" finished-at="2019-07-20T16:07:16Z">
          <reporter-output>
          </reporter-output>
        </test-method> <!-- tearDown -->
        <test-method status="PASS" signature="setUp()[pri:0, instance:com.crm.qa.TestCases.HomePageTest@6d7b4f4c]" name="setUp" is-config="true" duration-ms="21399" started-at="2019-07-20T16:07:34Z" finished-at="2019-07-20T16:07:55Z">
          <reporter-output>
          </reporter-output>
        </test-method> <!-- setUp -->
        <test-method status="PASS" signature="verifyUserNameTest()[pri:2, instance:com.crm.qa.TestCases.HomePageTest@6d7b4f4c]" name="verifyUserNameTest" duration-ms="6031" started-at="2019-07-20T16:07:55Z" finished-at="2019-07-20T16:08:01Z">
          <reporter-output>
          </reporter-output>
        </test-method> <!-- verifyUserNameTest -->
        <test-method status="PASS" signature="tearDown()[pri:0, instance:com.crm.qa.TestCases.HomePageTest@6d7b4f4c]" name="tearDown" is-config="true" duration-ms="4739" started-at="2019-07-20T16:08:01Z" finished-at="2019-07-20T16:08:06Z">
          <reporter-output>
          </reporter-output>
        </test-method> <!-- tearDown -->
        <test-method status="PASS" signature="setUp()[pri:0, instance:com.crm.qa.TestCases.HomePageTest@6d7b4f4c]" name="setUp" is-config="true" duration-ms="16866" started-at="2019-07-20T16:08:28Z" finished-at="2019-07-20T16:08:44Z">
          <reporter-output>
          </reporter-output>
        </test-method> <!-- setUp -->
        <test-method status="PASS" signature="verifyContactsLinkTest()[pri:3, instance:com.crm.qa.TestCases.HomePageTest@6d7b4f4c]" name="verifyContactsLinkTest" duration-ms="9593" started-at="2019-07-20T16:08:44Z" finished-at="2019-07-20T16:08:54Z">
          <reporter-output>
          </reporter-output>
        </test-method> <!-- verifyContactsLinkTest -->
        <test-method status="PASS" signature="tearDown()[pri:0, instance:com.crm.qa.TestCases.HomePageTest@6d7b4f4c]" name="tearDown" is-config="true" duration-ms="4084" started-at="2019-07-20T16:08:54Z" finished-at="2019-07-20T16:08:58Z">
          <reporter-output>
          </reporter-output>
        </test-method> <!-- tearDown -->
        <test-method status="PASS" signature="setUp()[pri:0, instance:com.crm.qa.TestCases.HomePageTest@6d7b4f4c]" name="setUp" is-config="true" duration-ms="14378" started-at="2019-07-20T16:08:58Z" finished-at="2019-07-20T16:09:13Z">
          <reporter-output>
          </reporter-output>
        </test-method> <!-- setUp -->
        <test-method status="PASS" signature="verifyDealsPageLinkTest()[pri:4, instance:com.crm.qa.TestCases.HomePageTest@6d7b4f4c]" name="verifyDealsPageLinkTest" duration-ms="10795" started-at="2019-07-20T16:09:13Z" finished-at="2019-07-20T16:09:23Z">
          <reporter-output>
          </reporter-output>
        </test-method> <!-- verifyDealsPageLinkTest -->
        <test-method status="PASS" signature="tearDown()[pri:0, instance:com.crm.qa.TestCases.HomePageTest@6d7b4f4c]" name="tearDown" is-config="true" duration-ms="4231" started-at="2019-07-20T16:09:23Z" finished-at="2019-07-20T16:09:28Z">
          <reporter-output>
          </reporter-output>
        </test-method> <!-- tearDown -->
      </class> <!-- com.crm.qa.TestCases.HomePageTest -->
      <class name="com.crm.qa.TestCases.LoginPageTest">
        <test-method status="PASS" signature="setUp()[pri:0, instance:com.crm.qa.TestCases.LoginPageTest@4e9ba398]" name="setUp" is-config="true" duration-ms="14468" started-at="2019-07-20T16:06:41Z" finished-at="2019-07-20T16:06:55Z">
          <reporter-output>
          </reporter-output>
        </test-method> <!-- setUp -->
        <test-method status="PASS" signature="loginPageTitleTest()[pri:1, instance:com.crm.qa.TestCases.LoginPageTest@4e9ba398]" name="loginPageTitleTest" duration-ms="31" started-at="2019-07-20T16:06:55Z" finished-at="2019-07-20T16:06:55Z">
          <reporter-output>
          </reporter-output>
        </test-method> <!-- loginPageTitleTest -->
        <test-method status="PASS" signature="tearDown()[pri:0, instance:com.crm.qa.TestCases.LoginPageTest@4e9ba398]" name="tearDown" is-config="true" duration-ms="4573" started-at="2019-07-20T16:06:55Z" finished-at="2019-07-20T16:07:00Z">
          <reporter-output>
          </reporter-output>
        </test-method> <!-- tearDown -->
        <test-method status="PASS" signature="setUp()[pri:0, instance:com.crm.qa.TestCases.LoginPageTest@4e9ba398]" name="setUp" is-config="true" duration-ms="13873" started-at="2019-07-20T16:07:16Z" finished-at="2019-07-20T16:07:29Z">
          <reporter-output>
          </reporter-output>
        </test-method> <!-- setUp -->
        <test-method status="PASS" signature="crmLogoImageTest()[pri:2, instance:com.crm.qa.TestCases.LoginPageTest@4e9ba398]" name="crmLogoImageTest" duration-ms="126" started-at="2019-07-20T16:07:29Z" finished-at="2019-07-20T16:07:30Z">
          <reporter-output>
          </reporter-output>
        </test-method> <!-- crmLogoImageTest -->
        <test-method status="PASS" signature="tearDown()[pri:0, instance:com.crm.qa.TestCases.LoginPageTest@4e9ba398]" name="tearDown" is-config="true" duration-ms="4385" started-at="2019-07-20T16:07:30Z" finished-at="2019-07-20T16:07:34Z">
          <reporter-output>
          </reporter-output>
        </test-method> <!-- tearDown -->
        <test-method status="PASS" signature="setUp()[pri:0, instance:com.crm.qa.TestCases.LoginPageTest@4e9ba398]" name="setUp" is-config="true" duration-ms="17100" started-at="2019-07-20T16:08:06Z" finished-at="2019-07-20T16:08:23Z">
          <reporter-output>
          </reporter-output>
        </test-method> <!-- setUp -->
        <test-method status="PASS" signature="loginTest()[pri:3, instance:com.crm.qa.TestCases.LoginPageTest@4e9ba398]" name="loginTest" duration-ms="235" started-at="2019-07-20T16:08:23Z" finished-at="2019-07-20T16:08:23Z">
          <reporter-output>
          </reporter-output>
        </test-method> <!-- loginTest -->
        <test-method status="PASS" signature="tearDown()[pri:0, instance:com.crm.qa.TestCases.LoginPageTest@4e9ba398]" name="tearDown" is-config="true" duration-ms="4198" started-at="2019-07-20T16:08:23Z" finished-at="2019-07-20T16:08:28Z">
          <reporter-output>
          </reporter-output>
        </test-method> <!-- tearDown -->
      </class> <!-- com.crm.qa.TestCases.LoginPageTest -->
    </test> <!-- Free CRM App Chrome Test Cases -->
  </suite> <!-- FREE CRM Application Test Automation Test Suite -->
</testng-results>
